SF:lib/main.dart
DA:5,0
DA:8,2
DA:10,1
DA:12,1
DA:15,1
LF:5
LH:4
end_of_record
SF:lib/pages/countdown_page.dart
DA:5,1
DA:7,1
DA:8,1
DA:14,1
DA:15,5
DA:16,3
DA:19,1
DA:21,1
DA:22,2
DA:28,1
DA:30,2
DA:31,1
DA:34,1
DA:36,1
DA:37,1
DA:38,1
DA:39,1
DA:40,1
DA:41,1
DA:42,1
DA:43,1
DA:45,1
DA:47,6
DA:50,1
DA:52,1
DA:54,1
DA:55,1
DA:56,1
DA:58,1
DA:60,1
DA:64,2
LF:31
LH:31
end_of_record
SF:lib/widgets/play_button.dart
DA:4,1
DA:7,1
DA:11,1
DA:13,1
DA:14,1
DA:15,1
DA:16,1
DA:18,1
DA:19,2
DA:20,0
DA:22,5
DA:25,1
DA:26,2
DA:27,2
LF:14
LH:13
end_of_record
SF:lib/widgets/timer_display.dart
DA:5,1
DA:10,1
DA:16,1
DA:18,1
DA:19,1
DA:21,1
DA:23,1
DA:24,1
DA:25,1
DA:26,1
DA:27,1
DA:28,1
DA:30,2
DA:34,1
DA:36,1
DA:37,1
LF:16
LH:16
end_of_record
SF:lib/widgets/timer_painter.dart
DA:5,1
DA:9,1
DA:14,1
DA:16,1
DA:17,2
DA:18,1
DA:19,1
DA:20,1
DA:22,4
DA:23,2
DA:24,5
DA:25,4
DA:28,1
DA:30,11
LF:14
LH:14
end_of_record
